TN:
SF:src\presentation\helpers\http-response.js
FN:5,badRequest
FN:12,serverError
FN:18,unauthorizedError
FN:25,ok
FNF:4
FNH:4
FNDA:2,badRequest
FNDA:4,serverError
FNDA:2,unauthorizedError
FNDA:1,ok
DA:1,1
DA:2,1
DA:3,1
DA:4,1
DA:5,1
DA:6,2
DA:7,2
DA:8,2
DA:9,2
DA:10,2
DA:11,1
DA:12,1
DA:13,4
DA:14,4
DA:15,4
DA:16,4
DA:17,1
DA:18,1
DA:19,2
DA:20,2
DA:21,2
DA:22,2
DA:23,2
DA:24,1
DA:25,1
DA:26,1
DA:27,1
DA:28,1
DA:29,1
DA:30,1
LF:30
LH:30
BRDA:5,0,0,2
BRDA:12,1,0,4
BRDA:18,2,0,2
BRDA:25,3,0,1
BRF:4
BRH:4
end_of_record
TN:
SF:src\presentation\helpers\missing-param-erros.js
FN:2,MissingParamError
FNF:1
FNH:1
FNDA:4,MissingParamError
DA:1,1
DA:2,1
DA:3,4
DA:4,4
DA:5,4
DA:6,1
LF:6
LH:6
BRDA:2,0,0,4
BRF:1
BRH:1
end_of_record
TN:
SF:src\presentation\helpers\unauthorized-erros.js
FN:2,UnauthorizedError
FNF:1
FNH:1
FNDA:3,UnauthorizedError
DA:1,1
DA:2,1
DA:3,3
DA:4,3
DA:5,3
DA:6,1
LF:6
LH:6
BRDA:2,0,0,3
BRF:1
BRH:1
end_of_record
TN:
SF:src\presentation\routers\login-router.js
FN:4,LoginRouter
FN:7,route
FNF:2
FNH:2
FNDA:9,LoginRouter
FNDA:9,route
DA:1,1
DA:2,1
DA:3,1
DA:4,1
DA:5,9
DA:6,9
DA:7,1
DA:8,9
DA:9,9
DA:10,6
DA:11,6
DA:12,6
DA:13,9
DA:14,9
DA:15,4
DA:16,4
DA:17,5
DA:18,9
DA:19,1
DA:20,1
DA:21,9
DA:22,1
DA:23,1
DA:24,3
DA:25,9
DA:26,2
DA:27,2
DA:28,1
DA:29,1
DA:30,1
LF:30
LH:30
BRDA:4,0,0,9
BRDA:7,1,0,9
BRDA:9,2,0,8
BRDA:9,3,0,7
BRDA:9,4,0,6
BRDA:14,5,0,4
BRDA:17,6,0,5
BRDA:18,7,0,1
BRDA:21,8,0,4
BRDA:21,9,0,1
BRDA:24,10,0,3
BRDA:25,11,0,2
BRDA:28,12,0,1
BRF:13
BRH:13
end_of_record
